# tracer: nop
#
# entries-in-buffer/entries-written: 126/8736572   #P:4
#
#                                _-----=> irqs-off
#                               / _----=> need-resched
#                              | / _---=> hardirq/softirq
#                              || / _--=> preempt-depth
#                              ||| /     delay
#           TASK-PID     CPU#  ||||   TIMESTAMP  FUNCTION
#              | |         |   ||||      |         |
            bash-84700   [000] .... 24913.120041: sys_clone(clone_flags: 1200011, newsp: 0, parent_tidptr: 0, child_tidptr: 7fe6196caa10, tls: 0)
            bash-84700   [000] .... 24913.120051: <stack trace>
 => syscall_enter_from_user_mode
 => do_syscall_64
 => entry_SYSCALL_64_after_hwframe
            bash-84700   [000] .... 24913.120152: sys_clone -> 0x16841
            bash-84700   [000] .... 24913.120153: <stack trace>
 => syscall_exit_to_user_mode
 => do_syscall_64
 => entry_SYSCALL_64_after_hwframe
##### CPU 3 buffer started ####
              ls-92225   [003] .... 24913.120167: sys_clone -> 0x0
              ls-92225   [003] .... 24913.120169: <stack trace>
 => syscall_exit_to_user_mode
 => ret_from_fork
##### CPU 2 buffer started ####
 ThreadPoolForeg-88478   [002] .... 24917.102884: sys_clone(clone_flags: 3d0f00, newsp: 7f5d08f12b30, parent_tidptr: 7f5d08f139d0, child_tidptr: 7f5d08f139d0, tls: 7f5d08f13700)
 ThreadPoolForeg-88478   [002] .... 24917.102891: <stack trace>
 => syscall_enter_from_user_mode
 => do_syscall_64
 => entry_SYSCALL_64_after_hwframe
 ThreadPoolForeg-88478   [002] .... 24917.102929: sys_clone -> 0x16842
 ThreadPoolForeg-88478   [002] .... 24917.102931: <stack trace>
 => syscall_exit_to_user_mode
 => do_syscall_64
 => entry_SYSCALL_64_after_hwframe
 ThreadPoolForeg-3440    [002] .... 24917.102998: sys_clone(clone_flags: 3d0f00, newsp: 7fb48a1d8b30, parent_tidptr: 7fb48a1d99d0, child_tidptr: 7fb48a1d99d0, tls: 7fb48a1d9700)
 ThreadPoolForeg-3440    [002] .... 24917.103000: <stack trace>
 => syscall_enter_from_user_mode
 => do_syscall_64
 => entry_SYSCALL_64_after_hwframe
 ThreadPoolForeg-3440    [002] .... 24917.103033: sys_clone -> 0x16843
 ThreadPoolForeg-3440    [002] .... 24917.103035: <stack trace>
 => syscall_exit_to_user_mode
 => do_syscall_64
 => entry_SYSCALL_64_after_hwframe
 ThreadPoolForeg-92227   [002] .... 24917.103117: sys_clone -> 0x0
 ThreadPoolForeg-92227   [002] .... 24917.103119: <stack trace>
 => syscall_exit_to_user_mode
 => ret_from_fork
 ThreadPoolForeg-92226   [002] .... 24917.103219: sys_clone -> 0x0
 ThreadPoolForeg-92226   [002] .... 24917.103221: <stack trace>
 => syscall_exit_to_user_mode
 => ret_from_fork
           <...>-1968    [003] .... 24917.104809: sys_clone(clone_flags: 3d0f00, newsp: 7f5727151eb0, parent_tidptr: 7f57271529d0, child_tidptr: 7f57271529d0, tls: 7f5727152700)
           <...>-1968    [003] .... 24917.104813: <stack trace>
 => syscall_enter_from_user_mode
 => do_syscall_64
 => entry_SYSCALL_64_after_hwframe
           <...>-1968    [003] .... 24917.104841: sys_clone -> 0x16844
           <...>-1968    [003] .... 24917.104843: <stack trace>
 => syscall_exit_to_user_mode
 => do_syscall_64
 => entry_SYSCALL_64_after_hwframe
 pool-/usr/libex-92228   [003] .... 24917.104890: sys_clone -> 0x0
 pool-/usr/libex-92228   [003] .... 24917.104892: <stack trace>
 => syscall_exit_to_user_mode
 => ret_from_fork
    pool-spawner-1966    [000] .... 24917.106423: sys_clone(clone_flags: 3d0f00, newsp: 7f55149d9c30, parent_tidptr: 7f55149da9d0, child_tidptr: 7f55149da9d0, tls: 7f55149da700)
    pool-spawner-1966    [000] .... 24917.106428: <stack trace>
 => syscall_enter_from_user_mode
 => do_syscall_64
 => entry_SYSCALL_64_after_hwframe
    pool-spawner-1966    [000] .... 24917.106473: sys_clone -> 0x16845
    pool-spawner-1966    [000] .... 24917.106475: <stack trace>
 => syscall_exit_to_user_mode
 => do_syscall_64
 => entry_SYSCALL_64_after_hwframe
           <...>-92229   [003] .... 24917.106496: sys_clone -> 0x0
           <...>-92229   [003] .... 24917.106500: <stack trace>
 => syscall_exit_to_user_mode
 => ret_from_fork
         systemd-1       [003] .... 24917.110780: sys_clone(clone_flags: 1200011, newsp: 0, parent_tidptr: 0, child_tidptr: 7feff2427c50, tls: 0)
         systemd-1       [003] .... 24917.110784: <stack trace>
 => syscall_enter_from_user_mode
 => do_syscall_64
 => entry_SYSCALL_64_after_hwframe
         systemd-1       [003] .... 24917.111073: sys_clone -> 0x16846
         systemd-1       [003] .... 24917.111074: <stack trace>
 => syscall_exit_to_user_mode
 => do_syscall_64
 => entry_SYSCALL_64_after_hwframe
##### CPU 1 buffer started ####
   nm-dispatcher-92230   [001] .... 24917.111086: sys_clone -> 0x0
   nm-dispatcher-92230   [001] .... 24917.111088: <stack trace>
 => syscall_exit_to_user_mode
 => ret_from_fork
   nm-dispatcher-92230   [001] .... 24917.114170: sys_clone(clone_flags: 3d0f00, newsp: 7f4dd3e54c70, parent_tidptr: 7f4dd3e559d0, child_tidptr: 7f4dd3e559d0, tls: 7f4dd3e55700)
   nm-dispatcher-92230   [001] .... 24917.114174: <stack trace>
 => syscall_enter_from_user_mode
 => do_syscall_64
 => entry_SYSCALL_64_after_hwframe
   nm-dispatcher-92230   [001] .... 24917.114198: sys_clone -> 0x16847
   nm-dispatcher-92230   [001] .... 24917.114199: <stack trace>
 => syscall_exit_to_user_mode
 => do_syscall_64
 => entry_SYSCALL_64_after_hwframe
   nm-dispatcher-92231   [000] .... 24917.114208: sys_clone -> 0x0
   nm-dispatcher-92231   [000] .... 24917.114210: <stack trace>
 => syscall_exit_to_user_mode
 => ret_from_fork
   nm-dispatcher-92230   [001] .... 24917.114809: sys_clone(clone_flags: 3d0f00, newsp: 7f4dd3653c70, parent_tidptr: 7f4dd36549d0, child_tidptr: 7f4dd36549d0, tls: 7f4dd3654700)
   nm-dispatcher-92230   [001] .... 24917.114810: <stack trace>
 => syscall_enter_from_user_mode
 => do_syscall_64
 => entry_SYSCALL_64_after_hwframe
   nm-dispatcher-92230   [001] .... 24917.114824: sys_clone -> 0x16848
   nm-dispatcher-92230   [001] .... 24917.114825: <stack trace>
 => syscall_exit_to_user_mode
 => do_syscall_64
 => entry_SYSCALL_64_after_hwframe
           gdbus-92232   [000] .... 24917.114834: sys_clone -> 0x0
           gdbus-92232   [000] .... 24917.114835: <stack trace>
 => syscall_exit_to_user_mode
 => ret_from_fork
   nm-dispatcher-92230   [001] .... 24917.116164: sys_clone(clone_flags: 1200011, newsp: 0, parent_tidptr: 0, child_tidptr: 7f4dd3e56d50, tls: 0)
   nm-dispatcher-92230   [001] .... 24917.116166: <stack trace>
 => syscall_enter_from_user_mode
 => do_syscall_64
 => entry_SYSCALL_64_after_hwframe
   nm-dispatcher-92230   [001] .... 24917.116358: sys_clone -> 0x16849
   nm-dispatcher-92230   [001] .... 24917.116359: <stack trace>
 => syscall_exit_to_user_mode
 => do_syscall_64
 => entry_SYSCALL_64_after_hwframe
     01-ifupdown-92233   [002] .... 24917.116375: sys_clone -> 0x0
     01-ifupdown-92233   [002] .... 24917.116376: <stack trace>
 => syscall_exit_to_user_mode
 => ret_from_fork
   nm-dispatcher-92230   [002] .... 24917.434805: sys_clone(clone_flags: 1200011, newsp: 0, parent_tidptr: 0, child_tidptr: 7f4dd3e56d50, tls: 0)
   nm-dispatcher-92230   [002] .... 24917.434811: <stack trace>
 => syscall_enter_from_user_mode
 => do_syscall_64
 => entry_SYSCALL_64_after_hwframe
   nm-dispatcher-92230   [002] .... 24917.435150: sys_clone -> 0x1684a
   nm-dispatcher-92230   [002] .... 24917.435152: <stack trace>
 => syscall_exit_to_user_mode
 => do_syscall_64
 => entry_SYSCALL_64_after_hwframe
     01-ifupdown-92234   [003] .... 24917.435211: sys_clone -> 0x0
     01-ifupdown-92234   [003] .... 24917.435214: <stack trace>
 => syscall_exit_to_user_mode
 => ret_from_fork
            bash-84700   [003] .... 24918.337098: sys_clone(clone_flags: 1200011, newsp: 0, parent_tidptr: 0, child_tidptr: 7fe6196caa10, tls: 0)
            bash-84700   [003] .... 24918.337102: <stack trace>
 => syscall_enter_from_user_mode
 => do_syscall_64
 => entry_SYSCALL_64_after_hwframe
            bash-84700   [003] .... 24918.337206: sys_clone -> 0x1684b
            bash-84700   [003] .... 24918.337207: <stack trace>
 => syscall_exit_to_user_mode
 => do_syscall_64
 => entry_SYSCALL_64_after_hwframe
            sudo-92235   [001] .... 24918.337222: sys_clone -> 0x0
            sudo-92235   [001] .... 24918.337223: <stack trace>
 => syscall_exit_to_user_mode
 => ret_from_fork
        whoopsie-1036    [001] .... 24919.102755: sys_clone(clone_flags: 3d0f00, newsp: 7fb02effcc70, parent_tidptr: 7fb02effd9d0, child_tidptr: 7fb02effd9d0, tls: 7fb02effd700)
        whoopsie-1036    [001] .... 24919.102762: <stack trace>
 => syscall_enter_from_user_mode
 => do_syscall_64
 => entry_SYSCALL_64_after_hwframe
        whoopsie-1036    [001] .... 24919.102831: sys_clone -> 0x1684c
        whoopsie-1036    [001] .... 24919.102833: <stack trace>
 => syscall_exit_to_user_mode
 => do_syscall_64
 => entry_SYSCALL_64_after_hwframe
   pool-whoopsie-92236   [003] .... 24919.102875: sys_clone -> 0x0
   pool-whoopsie-92236   [003] .... 24919.102878: <stack trace>
 => syscall_exit_to_user_mode
 => ret_from_fork
            sudo-92235   [001] .... 24926.809560: sys_clone(clone_flags: 1200011, newsp: 0, parent_tidptr: 0, child_tidptr: 7fc2142e5f50, tls: 0)
            sudo-92235   [001] .... 24926.809564: <stack trace>
 => syscall_enter_from_user_mode
 => do_syscall_64
 => entry_SYSCALL_64_after_hwframe
            sudo-92235   [001] .... 24926.809758: sys_clone -> 0x1684d
            sudo-92235   [001] .... 24926.809759: <stack trace>
 => syscall_exit_to_user_mode
 => do_syscall_64
 => entry_SYSCALL_64_after_hwframe
              su-92237   [000] .... 24926.809769: sys_clone -> 0x0
              su-92237   [000] .... 24926.809771: <stack trace>
 => syscall_exit_to_user_mode
 => ret_from_fork
              su-92237   [000] .... 24926.813242: sys_clone(clone_flags: 1200011, newsp: 0, parent_tidptr: 0, child_tidptr: 7f7b855b0a10, tls: 0)
              su-92237   [000] .... 24926.813245: <stack trace>
 => syscall_enter_from_user_mode
 => do_syscall_64
 => entry_SYSCALL_64_after_hwframe
              su-92237   [000] .... 24926.813416: sys_clone -> 0x1684e
              su-92237   [000] .... 24926.813417: <stack trace>
 => syscall_exit_to_user_mode
 => do_syscall_64
 => entry_SYSCALL_64_after_hwframe
            bash-92238   [001] .... 24926.813434: sys_clone -> 0x0
            bash-92238   [001] .... 24926.813435: <stack trace>
 => syscall_exit_to_user_mode
 => ret_from_fork
            bash-92238   [001] .... 24926.814669: sys_clone(clone_flags: 1200011, newsp: 0, parent_tidptr: 0, child_tidptr: 7f7a51c71a10, tls: 0)
            bash-92238   [001] .... 24926.814671: <stack trace>
 => syscall_enter_from_user_mode
 => do_syscall_64
 => entry_SYSCALL_64_after_hwframe
            bash-92238   [001] .... 24926.814729: sys_clone -> 0x1684f
            bash-92238   [001] .... 24926.814730: <stack trace>
 => syscall_exit_to_user_mode
 => do_syscall_64
 => entry_SYSCALL_64_after_hwframe
          groups-92239   [002] .... 24926.814766: sys_clone -> 0x0
          groups-92239   [002] .... 24926.814768: <stack trace>
 => syscall_exit_to_user_mode
 => ret_from_fork
            bash-92238   [001] .... 24926.815576: sys_clone(clone_flags: 1200011, newsp: 0, parent_tidptr: 0, child_tidptr: 7f7a51c71a10, tls: 0)
            bash-92238   [001] .... 24926.815578: <stack trace>
 => syscall_enter_from_user_mode
 => do_syscall_64
 => entry_SYSCALL_64_after_hwframe
            bash-92238   [001] .... 24926.815630: sys_clone -> 0x16850
            bash-92238   [001] .... 24926.815631: <stack trace>
 => syscall_exit_to_user_mode
 => do_syscall_64
 => entry_SYSCALL_64_after_hwframe
        lesspipe-92240   [000] .... 24926.815642: sys_clone -> 0x0
        lesspipe-92240   [000] .... 24926.815644: <stack trace>
 => syscall_exit_to_user_mode
 => ret_from_fork
        lesspipe-92240   [000] .... 24926.816172: sys_clone(clone_flags: 1200011, newsp: 0, parent_tidptr: 0, child_tidptr: 7feb6c1ba850, tls: 0)
        lesspipe-92240   [000] .... 24926.816174: <stack trace>
 => syscall_enter_from_user_mode
 => do_syscall_64
 => entry_SYSCALL_64_after_hwframe
        lesspipe-92240   [000] .... 24926.816216: sys_clone -> 0x16851
        lesspipe-92240   [000] .... 24926.816217: <stack trace>
 => syscall_exit_to_user_mode
 => do_syscall_64
 => entry_SYSCALL_64_after_hwframe
        basename-92241   [002] .... 24926.816233: sys_clone -> 0x0
        basename-92241   [002] .... 24926.816235: <stack trace>
 => syscall_exit_to_user_mode
 => ret_from_fork
        lesspipe-92240   [001] .... 24926.816851: sys_clone(clone_flags: 1200011, newsp: 0, parent_tidptr: 0, child_tidptr: 7feb6c1ba850, tls: 0)
        lesspipe-92240   [001] .... 24926.816853: <stack trace>
 => syscall_enter_from_user_mode
 => do_syscall_64
 => entry_SYSCALL_64_after_hwframe
        lesspipe-92240   [001] .... 24926.816907: sys_clone -> 0x16852
        lesspipe-92240   [001] .... 24926.816908: <stack trace>
 => syscall_exit_to_user_mode
 => do_syscall_64
 => entry_SYSCALL_64_after_hwframe
        lesspipe-92242   [003] .... 24926.816928: sys_clone -> 0x0
        lesspipe-92242   [003] .... 24926.816930: <stack trace>
 => syscall_exit_to_user_mode
 => ret_from_fork
        lesspipe-92242   [003] .... 24926.816964: sys_clone(clone_flags: 1200011, newsp: 0, parent_tidptr: 0, child_tidptr: 7feb6c1ba850, tls: 0)
        lesspipe-92242   [003] .... 24926.816964: <stack trace>
 => syscall_enter_from_user_mode
 => do_syscall_64
 => entry_SYSCALL_64_after_hwframe
        lesspipe-92242   [003] .... 24926.817012: sys_clone -> 0x16853
        lesspipe-92242   [003] .... 24926.817013: <stack trace>
 => syscall_exit_to_user_mode
 => do_syscall_64
 => entry_SYSCALL_64_after_hwframe
         dirname-92243   [002] .... 24926.817026: sys_clone -> 0x0
         dirname-92243   [002] .... 24926.817028: <stack trace>
 => syscall_exit_to_user_mode
 => ret_from_fork
            bash-92238   [002] .... 24926.817902: sys_clone(clone_flags: 1200011, newsp: 0, parent_tidptr: 0, child_tidptr: 7f7a51c71a10, tls: 0)
            bash-92238   [002] .... 24926.817903: <stack trace>
 => syscall_enter_from_user_mode
 => do_syscall_64
 => entry_SYSCALL_64_after_hwframe
            bash-92238   [002] .... 24926.817962: sys_clone -> 0x16854
            bash-92238   [002] .... 24926.817962: <stack trace>
 => syscall_exit_to_user_mode
 => do_syscall_64
 => entry_SYSCALL_64_after_hwframe
       dircolors-92244   [001] .... 24926.817975: sys_clone -> 0x0
       dircolors-92244   [001] .... 24926.817976: <stack trace>
 => syscall_exit_to_user_mode
 => ret_from_fork
            bash-92238   [001] .... 24942.887176: sys_clone(clone_flags: 1200011, newsp: 0, parent_tidptr: 0, child_tidptr: 7f7a51c71a10, tls: 0)
            bash-92238   [001] .... 24942.887181: <stack trace>
 => syscall_enter_from_user_mode
 => do_syscall_64
 => entry_SYSCALL_64_after_hwframe
            bash-92238   [001] .... 24942.887270: sys_clone -> 0x16856
            bash-92238   [001] .... 24942.887271: <stack trace>
 => syscall_exit_to_user_mode
 => do_syscall_64
 => entry_SYSCALL_64_after_hwframe
           <...>-92246   [003] .... 24942.887291: sys_clone -> 0x0
           <...>-92246   [003] .... 24942.887293: <stack trace>
 => syscall_exit_to_user_mode
 => ret_from_fork
